2020-07-22T06:37:24.791166Z mysqld_safe Logging to '/var/lib/mysql/e6dcdd2d37d6.err'.
2020-07-22T06:37:24.825111Z mysqld_safe Starting mysqld daemon with databases from /var/lib/mysql
2020-07-22T06:37:25.033213Z 0 [Warning] TIMESTAMP with implicit DEFAULT value is deprecated. Please use --explicit_defaults_for_timestamp server option (see documentation for more details).
2020-07-22T06:37:25.035879Z 0 [Note] /usr/sbin/mysqld (mysqld 5.7.30-0ubuntu0.18.04.1) starting as process 119 ...
2020-07-22T06:37:25.040964Z 0 [Note] InnoDB: PUNCH HOLE support available
2020-07-22T06:37:25.041009Z 0 [Note] InnoDB: Mutexes and rw_locks use GCC atomic builtins
2020-07-22T06:37:25.041018Z 0 [Note] InnoDB: Uses event mutexes
2020-07-22T06:37:25.041025Z 0 [Note] InnoDB: GCC builtin __atomic_thread_fence() is used for memory barrier
2020-07-22T06:37:25.041032Z 0 [Note] InnoDB: Compressed tables use zlib 1.2.11
2020-07-22T06:37:25.041042Z 0 [Note] InnoDB: Using Linux native AIO
2020-07-22T06:37:25.041581Z 0 [Note] InnoDB: Number of pools: 1
2020-07-22T06:37:25.041779Z 0 [Note] InnoDB: Using CPU crc32 instructions
2020-07-22T06:37:25.044430Z 0 [Note] InnoDB: Initializing buffer pool, total size = 128M, instances = 1, chunk size = 128M
2020-07-22T06:37:25.055914Z 0 [Note] InnoDB: Completed initialization of buffer pool
2020-07-22T06:37:25.059540Z 0 [Note] InnoDB: If the mysqld execution user is authorized, page cleaner thread priority can be changed. See the man page of setpriority().
2020-07-22T06:37:25.072014Z 0 [Note] InnoDB: Highest supported file format is Barracuda.
2020-07-22T06:37:25.074212Z 0 [Note] InnoDB: Log scan progressed past the checkpoint lsn 2630687
2020-07-22T06:37:25.074246Z 0 [Note] InnoDB: Doing recovery: scanned up to log sequence number 2630696
2020-07-22T06:37:25.074256Z 0 [Note] InnoDB: Database was not shutdown normally!
2020-07-22T06:37:25.074263Z 0 [Note] InnoDB: Starting crash recovery.
2020-07-22T06:37:25.186496Z 0 [Warning] InnoDB: Resizing redo log from 2*16384 to 2*3072 pages, LSN=2630705
2020-07-22T06:37:25.294090Z 0 [Warning] InnoDB: Starting to delete and rewrite log files.
2020-07-22T06:37:25.395186Z 0 [Note] InnoDB: Setting log file ./ib_logfile101 size to 48 MB
2020-07-22T06:37:25.589544Z 0 [Note] InnoDB: Setting log file ./ib_logfile1 size to 48 MB
2020-07-22T06:37:25.806351Z 0 [Note] InnoDB: Renaming log file ./ib_logfile101 to ./ib_logfile0
2020-07-22T06:37:25.806452Z 0 [Warning] InnoDB: New log files created, LSN=2630705
2020-07-22T06:37:25.808214Z 0 [Note] InnoDB: Removed temporary tablespace data file: "ibtmp1"
2020-07-22T06:37:25.808227Z 0 [Note] InnoDB: Creating shared tablespace for temporary tables
2020-07-22T06:37:25.808302Z 0 [Note] InnoDB: Setting file './ibtmp1' size to 12 MB. Physically writing the file full; Please wait ...
2020-07-22T06:37:25.862212Z 0 [Note] InnoDB: File './ibtmp1' size is now 12 MB.
2020-07-22T06:37:25.862856Z 0 [Note] InnoDB: 96 redo rollback segment(s) found. 96 redo rollback segment(s) are active.
2020-07-22T06:37:25.862866Z 0 [Note] InnoDB: 32 non-redo rollback segment(s) are active.
2020-07-22T06:37:25.863253Z 0 [Note] InnoDB: Waiting for purge to start
2020-07-22T06:37:25.913500Z 0 [Note] InnoDB: 5.7.30 started; log sequence number 2630696
2020-07-22T06:37:25.913906Z 0 [Note] Plugin 'FEDERATED' is disabled.
2020-07-22T06:37:25.922598Z 0 [Note] Found ca.pem, server-cert.pem and server-key.pem in data directory. Trying to enable SSL support using them.
2020-07-22T06:37:25.922634Z 0 [Note] Skipping generation of SSL certificates as certificate files are present in data directory.
2020-07-22T06:37:25.923610Z 0 [Warning] CA certificate ca.pem is self signed.
2020-07-22T06:37:25.923654Z 0 [Note] Skipping generation of RSA key pair as key files are present in data directory.
2020-07-22T06:37:25.924311Z 0 [Note] Server hostname (bind-address): '*'; port: 3306
2020-07-22T06:37:25.924361Z 0 [Note] IPv6 is available.
2020-07-22T06:37:25.924371Z 0 [Note]   - '::' resolves to '::';
2020-07-22T06:37:25.924392Z 0 [Note] Server socket created on IP: '::'.
2020-07-22T06:37:25.925274Z 0 [Note] InnoDB: Loading buffer pool(s) from /var/lib/mysql/ib_buffer_pool
2020-07-22T06:37:25.927896Z 0 [Note] InnoDB: Buffer pool(s) load completed at 200722  6:37:25
2020-07-22T06:37:25.946860Z 0 [Note] Event Scheduler: Loaded 0 events
2020-07-22T06:37:25.947137Z 0 [Note] /usr/sbin/mysqld: ready for connections.
Version: '5.7.30-0ubuntu0.18.04.1'  socket: '/var/run/mysqld/mysqld.sock'  port: 3306  (Ubuntu)
2020-07-22T06:37:26.811688Z 2 [Note] Access denied for user 'debian-sys-maint'@'localhost' (using password: YES)
2020-07-22T06:37:26.841637Z 3 [Note] Access denied for user 'debian-sys-maint'@'localhost' (using password: YES)
